\BOOKMARK [0][-]{chapter.1}{Introduction}{}% 1
\BOOKMARK [0][-]{chapter.2}{Mathematical Optimizations}{}% 2
\BOOKMARK [1][-]{section.2.1}{Frequency Shifting}{chapter.2}% 3
\BOOKMARK [1][-]{section.2.2}{Cross-Correlation with Fast-Fourier Transforms}{chapter.2}% 4
\BOOKMARK [1][-]{section.2.3}{Chosing the FFT Implementation}{chapter.2}% 5
\BOOKMARK [0][-]{chapter.3}{Code Style Optimizations}{}% 6
\BOOKMARK [1][-]{section.3.1}{General Code Structure}{chapter.3}% 7
\BOOKMARK [2][-]{subsection.3.1.1}{Acquisition Kernel}{section.3.1}% 8
\BOOKMARK [2][-]{subsection.3.1.2}{FFT Implementations}{section.3.1}% 9
\BOOKMARK [2][-]{subsection.3.1.3}{Complex Algebra}{section.3.1}% 10
\BOOKMARK [1][-]{section.3.2}{Other Coding Remarks}{chapter.3}% 11
\BOOKMARK [0][-]{chapter.4}{Composition Optimization}{}% 12
\BOOKMARK [1][-]{section.4.1}{Performance Adaption of CGRA Compositions}{chapter.4}% 13
\BOOKMARK [2][-]{subsection.4.1.1}{Simulated Annealing}{section.4.1}% 14
\BOOKMARK [2][-]{subsection.4.1.2}{Encountered Problems}{section.4.1}% 15
\BOOKMARK [2][-]{subsection.4.1.3}{Final Composition}{section.4.1}% 16
\BOOKMARK [1][-]{section.4.2}{Energy-Consumption Optimizations of CGRA Compositions}{chapter.4}% 17
\BOOKMARK [0][-]{chapter.5}{Evaluation}{}% 18
\BOOKMARK [1][-]{section.5.1}{Performance Optimization}{chapter.5}% 19
\BOOKMARK [1][-]{section.5.2}{Energy Consumption Minimization}{chapter.5}% 20
\BOOKMARK [0][-]{chapter.6}{Bibliography}{}% 21
